#
# There is insufficient memory for the Java Runtime Environment to continue.
# Native memory allocation (malloc) failed to allocate 1146816 bytes for Chunk::new
# Possible reasons:
#   The system is out of physical RAM or swap space
#   In 32 bit mode, the process size limit was hit
# Possible solutions:
#   Reduce memory load on the system
#   Increase physical memory or swap space
#   Check if swap backing store is full
#   Use 64 bit Java on a 64 bit OS
#   Decrease Java heap size (-Xmx/-Xms)
#   Decrease number of Java threads
#   Decrease Java thread stack sizes (-Xss)
#   Set larger code cache with -XX:ReservedCodeCacheSize=
# This output file may be truncated or incomplete.
#
#  Out of Memory Error (allocation.cpp:323), pid=7656, tid=5516
#
# JRE version: Java(TM) SE Runtime Environment (7.0_71-b14) (build 1.7.0_71-b14)
# Java VM: Java HotSpot(TM) 64-Bit Server VM (24.71-b01 mixed mode windows-amd64 compressed oops)
# Failed to write core dump. Minidumps are not enabled by default on client versions of Windows
#

---------------  T H R E A D  ---------------

Current thread (0x0000000009669000):  JavaThread "C2 CompilerThread1" daemon [_thread_in_native, id=5516, stack(0x0000000009b20000,0x0000000009c20000)]

Stack: [0x0000000009b20000,0x0000000009c20000]

Current CompileTask:
C2:  18226  779             java.lang.Class::privateGetPublicMethods (247 bytes)


---------------  P R O C E S S  ---------------

Java Threads: ( => current thread )
  0x000000000c35a000 JavaThread "FileSystemWatcher: files=#98 cl=groovy.lang.GroovyClassLoader@e38449" daemon [_thread_blocked, id=3900, stack(0x000000000e440000,0x000000000e540000)]
  0x000000000ab84000 JavaThread "localhost-startStop-1" daemon [_thread_in_native, id=4592, stack(0x000000000e340000,0x000000000e440000)]
  0x000000000adc1000 JavaThread "Tomcat-startStop-1" daemon [_thread_blocked, id=8544, stack(0x000000000e240000,0x000000000e340000)]
  0x000000000c46a000 JavaThread "Thread-3" [_thread_in_native, id=2860, stack(0x000000000cec0000,0x000000000cfc0000)]
  0x000000000b017000 JavaThread "Thread-2" [_thread_blocked, id=3556, stack(0x000000000cdc0000,0x000000000cec0000)]
  